<?xml version="1.0" encoding="UTF-8"?>
<coverage generated="1555068156190" clover="3.2.0">
  <project timestamp="1555068156190" name="All files">
    <metrics statements="57" coveredstatements="34" conditionals="37" coveredconditionals="19" methods="31" coveredmethods="16" elements="125" coveredelements="69" complexity="0" loc="57" ncloc="57" packages="6" files="8" classes="8"/>
    <package name="pages.allgames">
      <metrics statements="18" coveredstatements="7" conditionals="8" coveredconditionals="4" methods="10" coveredmethods="4"/>
      <file name="all-games.js" path="/Users/albert/Desktop/GameRatings/src/pages/allgames/all-games.js">
        <metrics statements="16" coveredstatements="5" conditionals="2" coveredconditionals="1" methods="9" coveredmethods="3"/>
        <line num="27" count="2" type="stmt"/>
        <line num="32" count="0" type="stmt"/>
        <line num="33" count="0" type="stmt"/>
        <line num="40" count="2" type="stmt"/>
        <line num="45" count="0" type="stmt"/>
        <line num="46" count="0" type="stmt"/>
        <line num="50" count="0" type="stmt"/>
        <line num="52" count="0" type="stmt"/>
        <line num="54" count="0" type="stmt"/>
        <line num="55" count="0" type="stmt"/>
        <line num="57" count="0" type="stmt"/>
        <line num="63" count="2" type="stmt"/>
        <line num="65" count="2" type="cond" truecount="1" falsecount="1"/>
        <line num="66" count="2" type="stmt"/>
        <line num="69" count="0" type="stmt"/>
        <line num="77" count="0" type="stmt"/>
      </file>
      <file name="game-card.js" path="/Users/albert/Desktop/GameRatings/src/pages/allgames/game-card.js">
        <metrics statements="2" coveredstatements="2" conditionals="6" coveredconditionals="3" methods="1" coveredmethods="1"/>
        <line num="13" count="2" type="stmt"/>
        <line num="14" count="2" type="stmt"/>
      </file>
    </package>
    <package name="pages.details">
      <metrics statements="10" coveredstatements="6" conditionals="14" coveredconditionals="2" methods="5" coveredmethods="3"/>
      <file name="game-details.js" path="/Users/albert/Desktop/GameRatings/src/pages/details/game-details.js">
        <metrics statements="10" coveredstatements="6" conditionals="14" coveredconditionals="2" methods="5" coveredmethods="3"/>
        <line num="25" count="1" type="stmt"/>
        <line num="30" count="0" type="stmt"/>
        <line num="31" count="0" type="stmt"/>
        <line num="38" count="1" type="cond" truecount="1" falsecount="1"/>
        <line num="39" count="1" type="stmt"/>
        <line num="46" count="1" type="stmt"/>
        <line num="48" count="1" type="cond" truecount="1" falsecount="1"/>
        <line num="49" count="1" type="stmt"/>
        <line num="52" count="0" type="stmt"/>
        <line num="86" count="0" type="stmt"/>
      </file>
    </package>
    <package name="pages.home">
      <metrics statements="19" coveredstatements="12" conditionals="10" coveredconditionals="9" methods="13" coveredmethods="8"/>
      <file name="game-obj.js" path="/Users/albert/Desktop/GameRatings/src/pages/home/game-obj.js">
        <metrics statements="2" coveredstatements="2" conditionals="6" coveredconditionals="6" methods="1" coveredmethods="1"/>
        <line num="13" count="2" type="stmt"/>
        <line num="14" count="3" type="stmt"/>
      </file>
      <file name="home-page.js" path="/Users/albert/Desktop/GameRatings/src/pages/home/home-page.js">
        <metrics statements="17" coveredstatements="10" conditionals="4" coveredconditionals="3" methods="12" coveredmethods="7"/>
        <line num="19" count="2" type="stmt"/>
        <line num="23" count="2" type="stmt"/>
        <line num="28" count="0" type="stmt"/>
        <line num="29" count="0" type="stmt"/>
        <line num="32" count="0" type="stmt"/>
        <line num="36" count="1" type="stmt"/>
        <line num="37" count="0" type="stmt"/>
        <line num="41" count="2" type="cond" truecount="2" falsecount="0"/>
        <line num="42" count="1" type="stmt"/>
        <line num="45" count="1" type="cond" truecount="1" falsecount="1"/>
        <line num="46" count="0" type="stmt"/>
        <line num="49" count="1" type="stmt"/>
        <line num="58" count="1" type="stmt"/>
        <line num="70" count="2" type="stmt"/>
        <line num="75" count="2" type="stmt"/>
        <line num="77" count="0" type="stmt"/>
        <line num="80" count="0" type="stmt"/>
      </file>
    </package>
    <package name="redux">
      <metrics statements="1" coveredstatements="1" conditionals="0" coveredconditionals="0" methods="0" coveredmethods="0"/>
      <file name="store.js" path="/Users/albert/Desktop/GameRatings/src/redux/store.js">
        <metrics statements="1" coveredstatements="1" conditionals="0" coveredconditionals="0" methods="0" coveredmethods="0"/>
        <line num="5" count="1" type="stmt"/>
      </file>
    </package>
    <package name="redux.actionCreators">
      <metrics statements="2" coveredstatements="2" conditionals="0" coveredconditionals="0" methods="2" coveredmethods="0"/>
      <file name="index.js" path="/Users/albert/Desktop/GameRatings/src/redux/actionCreators/index.js">
        <metrics statements="2" coveredstatements="2" conditionals="0" coveredconditionals="0" methods="2" coveredmethods="0"/>
        <line num="1" count="1" type="stmt"/>
        <line num="6" count="1" type="stmt"/>
      </file>
    </package>
    <package name="redux.reducers">
      <metrics statements="7" coveredstatements="6" conditionals="5" coveredconditionals="4" methods="1" coveredmethods="1"/>
      <file name="index.js" path="/Users/albert/Desktop/GameRatings/src/redux/reducers/index.js">
        <metrics statements="7" coveredstatements="6" conditionals="5" coveredconditionals="4" methods="1" coveredmethods="1"/>
        <line num="1" count="2" type="stmt"/>
        <line num="6" count="2" type="cond" truecount="1" falsecount="0"/>
        <line num="8" count="2" type="cond" truecount="2" falsecount="0"/>
        <line num="9" count="1" type="stmt"/>
        <line num="15" count="1" type="cond" truecount="1" falsecount="1"/>
        <line num="16" count="0" type="stmt"/>
        <line num="21" count="1" type="stmt"/>
      </file>
    </package>
  </project>
</coverage>
