<?xml version="1.0" encoding="UTF-8"?>
<coverage generated="1556708262111" clover="3.2.0">
  <project timestamp="1556708262111" name="All files">
    <metrics statements="63" coveredstatements="36" conditionals="42" coveredconditionals="17" methods="32" coveredmethods="17" elements="137" coveredelements="70" complexity="0" loc="63" ncloc="63" packages="6" files="9" classes="9"/>
    <package name="pages.allgames">
      <metrics statements="18" coveredstatements="7" conditionals="8" coveredconditionals="4" methods="10" coveredmethods="4"/>
      <file name="all-games.js" path="/Users/albert/Desktop/GameRatings/src/pages/allgames/all-games.js">
        <metrics statements="16" coveredstatements="5" conditionals="2" coveredconditionals="1" methods="9" coveredmethods="3"/>
        <line num="27" count="2" type="stmt"/>
        <line num="32" count="0" type="stmt"/>
        <line num="33" count="0" type="stmt"/>
        <line num="40" count="2" type="stmt"/>
        <line num="45" count="0" type="stmt"/>
        <line num="46" count="0" type="stmt"/>
        <line num="50" count="0" type="stmt"/>
        <line num="52" count="0" type="stmt"/>
        <line num="54" count="0" type="stmt"/>
        <line num="55" count="0" type="stmt"/>
        <line num="57" count="0" type="stmt"/>
        <line num="63" count="2" type="stmt"/>
        <line num="65" count="2" type="cond" truecount="1" falsecount="1"/>
        <line num="66" count="2" type="stmt"/>
        <line num="69" count="0" type="stmt"/>
        <line num="77" count="0" type="stmt"/>
      </file>
      <file name="game-card.js" path="/Users/albert/Desktop/GameRatings/src/pages/allgames/game-card.js">
        <metrics statements="2" coveredstatements="2" conditionals="6" coveredconditionals="3" methods="1" coveredmethods="1"/>
        <line num="13" count="2" type="stmt"/>
        <line num="14" count="2" type="stmt"/>
      </file>
    </package>
    <package name="pages.details">
      <metrics statements="11" coveredstatements="6" conditionals="14" coveredconditionals="2" methods="6" coveredmethods="3"/>
      <file name="game-details.js" path="/Users/albert/Desktop/GameRatings/src/pages/details/game-details.js">
        <metrics statements="11" coveredstatements="6" conditionals="14" coveredconditionals="2" methods="6" coveredmethods="3"/>
        <line num="25" count="1" type="stmt"/>
        <line num="30" count="0" type="stmt"/>
        <line num="31" count="0" type="stmt"/>
        <line num="38" count="1" type="cond" truecount="1" falsecount="1"/>
        <line num="39" count="1" type="stmt"/>
        <line num="44" count="0" type="stmt"/>
        <line num="49" count="1" type="stmt"/>
        <line num="51" count="1" type="cond" truecount="1" falsecount="1"/>
        <line num="52" count="1" type="stmt"/>
        <line num="55" count="0" type="stmt"/>
        <line num="89" count="0" type="stmt"/>
      </file>
    </package>
    <package name="pages.home">
      <metrics statements="14" coveredstatements="6" conditionals="10" coveredconditionals="4" methods="9" coveredmethods="5"/>
      <file name="game-obj.js" path="/Users/albert/Desktop/GameRatings/src/pages/home/game-obj.js">
        <metrics statements="2" coveredstatements="2" conditionals="6" coveredconditionals="3" methods="1" coveredmethods="1"/>
        <line num="13" count="2" type="stmt"/>
        <line num="14" count="2" type="stmt"/>
      </file>
      <file name="home-page.js" path="/Users/albert/Desktop/GameRatings/src/pages/home/home-page.js">
        <metrics statements="12" coveredstatements="4" conditionals="4" coveredconditionals="1" methods="8" coveredmethods="4"/>
        <line num="22" count="2" type="stmt"/>
        <line num="26" count="2" type="stmt"/>
        <line num="31" count="0" type="stmt"/>
        <line num="32" count="0" type="stmt"/>
        <line num="41" count="0" type="stmt"/>
        <line num="42" count="0" type="stmt"/>
        <line num="46" count="2" type="cond" truecount="1" falsecount="1"/>
        <line num="47" count="2" type="stmt"/>
        <line num="50" count="0" type="cond" truecount="0" falsecount="2"/>
        <line num="51" count="0" type="stmt"/>
        <line num="54" count="0" type="stmt"/>
        <line num="63" count="0" type="stmt"/>
      </file>
    </package>
    <package name="redux">
      <metrics statements="2" coveredstatements="2" conditionals="0" coveredconditionals="0" methods="0" coveredmethods="0"/>
      <file name="store.js" path="/Users/albert/Desktop/GameRatings/src/redux/store.js">
        <metrics statements="2" coveredstatements="2" conditionals="0" coveredconditionals="0" methods="0" coveredmethods="0"/>
        <line num="7" count="1" type="stmt"/>
        <line num="12" count="1" type="stmt"/>
      </file>
    </package>
    <package name="redux.actionCreators">
      <metrics statements="11" coveredstatements="9" conditionals="5" coveredconditionals="3" methods="6" coveredmethods="4"/>
      <file name="index.js" path="/Users/albert/Desktop/GameRatings/src/redux/actionCreators/index.js">
        <metrics statements="2" coveredstatements="2" conditionals="0" coveredconditionals="0" methods="2" coveredmethods="1"/>
        <line num="1" count="2" type="stmt"/>
        <line num="6" count="2" type="stmt"/>
      </file>
      <file name="loadGames.js" path="/Users/albert/Desktop/GameRatings/src/redux/actionCreators/loadGames.js">
        <metrics statements="9" coveredstatements="7" conditionals="5" coveredconditionals="3" methods="4" coveredmethods="3"/>
        <line num="6" count="1" type="cond" truecount="1" falsecount="0"/>
        <line num="7" count="1" type="stmt"/>
        <line num="8" count="1" type="stmt"/>
        <line num="10" count="1" type="cond" truecount="1" falsecount="1"/>
        <line num="11" count="0" type="stmt"/>
        <line num="14" count="1" type="cond" truecount="1" falsecount="1"/>
        <line num="16" count="1" type="stmt"/>
        <line num="26" count="1" type="stmt"/>
        <line num="29" count="0" type="stmt"/>
      </file>
    </package>
    <package name="redux.reducers">
      <metrics statements="7" coveredstatements="6" conditionals="5" coveredconditionals="4" methods="1" coveredmethods="1"/>
      <file name="index.js" path="/Users/albert/Desktop/GameRatings/src/redux/reducers/index.js">
        <metrics statements="7" coveredstatements="6" conditionals="5" coveredconditionals="4" methods="1" coveredmethods="1"/>
        <line num="1" count="2" type="stmt"/>
        <line num="6" count="2" type="cond" truecount="1" falsecount="0"/>
        <line num="8" count="4" type="cond" truecount="2" falsecount="0"/>
        <line num="9" count="1" type="stmt"/>
        <line num="15" count="3" type="cond" truecount="1" falsecount="1"/>
        <line num="16" count="0" type="stmt"/>
        <line num="21" count="3" type="stmt"/>
      </file>
    </package>
  </project>
</coverage>
