{"/Users/albert/Desktop/GameRatings/src/pages/allgames/all-games.js": {"path":"/Users/albert/Desktop/GameRatings/src/pages/allgames/all-games.js","statementMap":{"0":{"start":{"line":27,"column":6},"end":{"line":36,"column":13}},"1":{"start":{"line":32,"column":12},"end":{"line":32,"column":56}},"2":{"start":{"line":33,"column":12},"end":{"line":35,"column":14}},"3":{"start":{"line":40,"column":6},"end":{"line":40,"column":23}},"4":{"start":{"line":45,"column":41},"end":{"line":47,"column":6}},"5":{"start":{"line":46,"column":7},"end":{"line":46,"column":50}},"6":{"start":{"line":50,"column":22},"end":{"line":50,"column":35}},"7":{"start":{"line":52,"column":17},"end":{"line":52,"column":30}},"8":{"start":{"line":54,"column":7},"end":{"line":56,"column":9}},"9":{"start":{"line":55,"column":9},"end":{"line":55,"column":26}},"10":{"start":{"line":57,"column":7},"end":{"line":57,"column":50}},"11":{"start":{"line":63,"column":26},"end":{"line":63,"column":36}},"12":{"start":{"line":65,"column":8},"end":{"line":67,"column":9}},"13":{"start":{"line":66,"column":10},"end":{"line":66,"column":76}},"14":{"start":{"line":69,"column":8},"end":{"line":98,"column":9}},"15":{"start":{"line":77,"column":16},"end":{"line":81,"column":20}}},"fnMap":{"0":{"name":"(anonymous_0)","decl":{"start":{"line":26,"column":16},"end":{"line":26,"column":17}},"loc":{"start":{"line":26,"column":22},"end":{"line":37,"column":5}},"line":26},"1":{"name":"(anonymous_1)","decl":{"start":{"line":31,"column":16},"end":{"line":31,"column":17}},"loc":{"start":{"line":31,"column":28},"end":{"line":36,"column":11}},"line":31},"2":{"name":"(anonymous_2)","decl":{"start":{"line":39,"column":4},"end":{"line":39,"column":5}},"loc":{"start":{"line":39,"column":24},"end":{"line":41,"column":5}},"line":39},"3":{"name":"(anonymous_3)","decl":{"start":{"line":45,"column":31},"end":{"line":45,"column":32}},"loc":{"start":{"line":45,"column":41},"end":{"line":47,"column":6}},"line":45},"4":{"name":"(anonymous_4)","decl":{"start":{"line":45,"column":41},"end":{"line":45,"column":42}},"loc":{"start":{"line":45,"column":47},"end":{"line":47,"column":6}},"line":45},"5":{"name":"(anonymous_5)","decl":{"start":{"line":49,"column":23},"end":{"line":49,"column":24}},"loc":{"start":{"line":49,"column":31},"end":{"line":58,"column":6}},"line":49},"6":{"name":"(anonymous_6)","decl":{"start":{"line":54,"column":38},"end":{"line":54,"column":39}},"loc":{"start":{"line":54,"column":44},"end":{"line":56,"column":8}},"line":54},"7":{"name":"(anonymous_7)","decl":{"start":{"line":61,"column":4},"end":{"line":61,"column":5}},"loc":{"start":{"line":61,"column":13},"end":{"line":99,"column":5}},"line":61},"8":{"name":"(anonymous_8)","decl":{"start":{"line":76,"column":36},"end":{"line":76,"column":37}},"loc":{"start":{"line":77,"column":16},"end":{"line":81,"column":20}},"line":77}},"branchMap":{"0":{"loc":{"start":{"line":65,"column":8},"end":{"line":67,"column":9}},"type":"if","locations":[{"start":{"line":65,"column":8},"end":{"line":67,"column":9}},{"start":{"line":65,"column":8},"end":{"line":67,"column":9}}],"line":65}},"s":{"0":2,"1":0,"2":0,"3":2,"4":0,"5":0,"6":0,"7":0,"8":0,"9":0,"10":0,"11":2,"12":2,"13":2,"14":0,"15":0},"f":{"0":2,"1":0,"2":2,"3":0,"4":0,"5":0,"6":0,"7":2,"8":0},"b":{"0":[2,0]},"_coverageSchema":"43e27e138ebf9cfc5966b082cf9a028302ed4184","hash":"8d80fe44d3600785f1baba3d6fa0bae195cf1229"}
,"/Users/albert/Desktop/GameRatings/src/pages/allgames/game-card.js": {"path":"/Users/albert/Desktop/GameRatings/src/pages/allgames/game-card.js","statementMap":{"0":{"start":{"line":13,"column":24},"end":{"line":37,"column":1}},"1":{"start":{"line":14,"column":2},"end":{"line":36,"column":17}}},"fnMap":{"0":{"name":"(anonymous_0)","decl":{"start":{"line":13,"column":24},"end":{"line":13,"column":25}},"loc":{"start":{"line":14,"column":2},"end":{"line":36,"column":17}},"line":14}},"branchMap":{"0":{"loc":{"start":{"line":20,"column":18},"end":{"line":20,"column":122}},"type":"cond-expr","locations":[{"start":{"line":20,"column":30},"end":{"line":20,"column":117}},{"start":{"line":20,"column":120},"end":{"line":20,"column":122}}],"line":20},"1":{"loc":{"start":{"line":26,"column":26},"end":{"line":26,"column":64}},"type":"cond-expr","locations":[{"start":{"line":26,"column":39},"end":{"line":26,"column":58}},{"start":{"line":26,"column":60},"end":{"line":26,"column":64}}],"line":26},"2":{"loc":{"start":{"line":30,"column":14},"end":{"line":30,"column":90}},"type":"cond-expr","locations":[{"start":{"line":30,"column":45},"end":{"line":30,"column":82}},{"start":{"line":30,"column":85},"end":{"line":30,"column":90}}],"line":30}},"s":{"0":2,"1":2},"f":{"0":2},"b":{"0":[0,2],"1":[0,2],"2":[0,2]},"_coverageSchema":"43e27e138ebf9cfc5966b082cf9a028302ed4184","hash":"e7e343bb6ecb706c024dd2c6bede190836939516"}
,"/Users/albert/Desktop/GameRatings/src/pages/details/game-details.js": {"path":"/Users/albert/Desktop/GameRatings/src/pages/details/game-details.js","statementMap":{"0":{"start":{"line":25,"column":8},"end":{"line":34,"column":15}},"1":{"start":{"line":30,"column":14},"end":{"line":30,"column":58}},"2":{"start":{"line":31,"column":14},"end":{"line":33,"column":16}},"3":{"start":{"line":38,"column":8},"end":{"line":40,"column":9}},"4":{"start":{"line":39,"column":12},"end":{"line":39,"column":65}},"5":{"start":{"line":46,"column":25},"end":{"line":46,"column":35}},"6":{"start":{"line":48,"column":8},"end":{"line":50,"column":9}},"7":{"start":{"line":49,"column":10},"end":{"line":49,"column":77}},"8":{"start":{"line":52,"column":8},"end":{"line":94,"column":9}},"9":{"start":{"line":86,"column":24},"end":{"line":88,"column":39}}},"fnMap":{"0":{"name":"(anonymous_0)","decl":{"start":{"line":24,"column":27},"end":{"line":24,"column":28}},"loc":{"start":{"line":24,"column":39},"end":{"line":35,"column":5}},"line":24},"1":{"name":"(anonymous_1)","decl":{"start":{"line":29,"column":18},"end":{"line":29,"column":19}},"loc":{"start":{"line":29,"column":30},"end":{"line":34,"column":13}},"line":29},"2":{"name":"(anonymous_2)","decl":{"start":{"line":37,"column":4},"end":{"line":37,"column":5}},"loc":{"start":{"line":37,"column":24},"end":{"line":41,"column":5}},"line":37},"3":{"name":"(anonymous_3)","decl":{"start":{"line":44,"column":4},"end":{"line":44,"column":5}},"loc":{"start":{"line":44,"column":13},"end":{"line":95,"column":5}},"line":44},"4":{"name":"(anonymous_4)","decl":{"start":{"line":85,"column":44},"end":{"line":85,"column":45}},"loc":{"start":{"line":86,"column":24},"end":{"line":88,"column":39}},"line":86}},"branchMap":{"0":{"loc":{"start":{"line":38,"column":8},"end":{"line":40,"column":9}},"type":"if","locations":[{"start":{"line":38,"column":8},"end":{"line":40,"column":9}},{"start":{"line":38,"column":8},"end":{"line":40,"column":9}}],"line":38},"1":{"loc":{"start":{"line":48,"column":8},"end":{"line":50,"column":9}},"type":"if","locations":[{"start":{"line":48,"column":8},"end":{"line":50,"column":9}},{"start":{"line":48,"column":8},"end":{"line":50,"column":9}}],"line":48},"2":{"loc":{"start":{"line":69,"column":76},"end":{"line":69,"column":186}},"type":"cond-expr","locations":[{"start":{"line":69,"column":105},"end":{"line":69,"column":144}},{"start":{"line":69,"column":147},"end":{"line":69,"column":186}}],"line":69},"3":{"loc":{"start":{"line":79,"column":40},"end":{"line":79,"column":282}},"type":"cond-expr","locations":[{"start":{"line":79,"column":70},"end":{"line":79,"column":244}},{"start":{"line":79,"column":246},"end":{"line":79,"column":282}}],"line":79},"4":{"loc":{"start":{"line":79,"column":70},"end":{"line":79,"column":244}},"type":"cond-expr","locations":[{"start":{"line":79,"column":100},"end":{"line":79,"column":205}},{"start":{"line":79,"column":207},"end":{"line":79,"column":244}}],"line":79},"5":{"loc":{"start":{"line":79,"column":100},"end":{"line":79,"column":205}},"type":"cond-expr","locations":[{"start":{"line":79,"column":130},"end":{"line":79,"column":166}},{"start":{"line":79,"column":168},"end":{"line":79,"column":205}}],"line":79},"6":{"loc":{"start":{"line":79,"column":287},"end":{"line":79,"column":359}},"type":"cond-expr","locations":[{"start":{"line":79,"column":318},"end":{"line":79,"column":351}},{"start":{"line":79,"column":354},"end":{"line":79,"column":359}}],"line":79}},"s":{"0":1,"1":0,"2":0,"3":1,"4":1,"5":1,"6":1,"7":1,"8":0,"9":0},"f":{"0":1,"1":0,"2":1,"3":1,"4":0},"b":{"0":[1,0],"1":[1,0],"2":[0,0],"3":[0,0],"4":[0,0],"5":[0,0],"6":[0,0]},"_coverageSchema":"43e27e138ebf9cfc5966b082cf9a028302ed4184","hash":"d696e257c2853d8b4971ca5aee118c91daad27c9"}
,"/Users/albert/Desktop/GameRatings/src/pages/home/game-obj.js": {"path":"/Users/albert/Desktop/GameRatings/src/pages/home/game-obj.js","statementMap":{"0":{"start":{"line":13,"column":23},"end":{"line":38,"column":1}},"1":{"start":{"line":14,"column":6},"end":{"line":36,"column":21}}},"fnMap":{"0":{"name":"(anonymous_0)","decl":{"start":{"line":13,"column":23},"end":{"line":13,"column":24}},"loc":{"start":{"line":14,"column":6},"end":{"line":36,"column":21}},"line":14}},"branchMap":{"0":{"loc":{"start":{"line":20,"column":22},"end":{"line":20,"column":136}},"type":"cond-expr","locations":[{"start":{"line":20,"column":39},"end":{"line":20,"column":131}},{"start":{"line":20,"column":134},"end":{"line":20,"column":136}}],"line":20},"1":{"loc":{"start":{"line":26,"column":30},"end":{"line":26,"column":78}},"type":"cond-expr","locations":[{"start":{"line":26,"column":48},"end":{"line":26,"column":72}},{"start":{"line":26,"column":74},"end":{"line":26,"column":78}}],"line":26},"2":{"loc":{"start":{"line":30,"column":18},"end":{"line":30,"column":104}},"type":"cond-expr","locations":[{"start":{"line":30,"column":54},"end":{"line":30,"column":96}},{"start":{"line":30,"column":99},"end":{"line":30,"column":104}}],"line":30}},"s":{"0":2,"1":3},"f":{"0":3},"b":{"0":[1,2],"1":[1,2],"2":[1,2]},"_coverageSchema":"43e27e138ebf9cfc5966b082cf9a028302ed4184","hash":"cb6441e70fa4f7dc23551c32b489284d677ac283"}
,"/Users/albert/Desktop/GameRatings/src/pages/home/home-page.js": {"path":"/Users/albert/Desktop/GameRatings/src/pages/home/home-page.js","statementMap":{"0":{"start":{"line":19,"column":6},"end":{"line":19,"column":23}},"1":{"start":{"line":23,"column":6},"end":{"line":33,"column":13}},"2":{"start":{"line":28,"column":14},"end":{"line":28,"column":53}},"3":{"start":{"line":29,"column":14},"end":{"line":29,"column":55}},"4":{"start":{"line":32,"column":13},"end":{"line":32,"column":45}},"5":{"start":{"line":36,"column":41},"end":{"line":38,"column":6}},"6":{"start":{"line":37,"column":7},"end":{"line":37,"column":50}},"7":{"start":{"line":41,"column":8},"end":{"line":43,"column":9}},"8":{"start":{"line":42,"column":10},"end":{"line":42,"column":76}},"9":{"start":{"line":45,"column":8},"end":{"line":47,"column":9}},"10":{"start":{"line":46,"column":12},"end":{"line":46,"column":55}},"11":{"start":{"line":49,"column":8},"end":{"line":66,"column":9}},"12":{"start":{"line":58,"column":16},"end":{"line":62,"column":20}},"13":{"start":{"line":70,"column":24},"end":{"line":73,"column":2}},"14":{"start":{"line":70,"column":36},"end":{"line":73,"column":1}},"15":{"start":{"line":75,"column":27},"end":{"line":82,"column":2}},"16":{"start":{"line":75,"column":42},"end":{"line":82,"column":1}},"17":{"start":{"line":77,"column":8},"end":{"line":77,"column":55}},"18":{"start":{"line":80,"column":8},"end":{"line":80,"column":54}}},"fnMap":{"0":{"name":"(anonymous_0)","decl":{"start":{"line":18,"column":4},"end":{"line":18,"column":5}},"loc":{"start":{"line":18,"column":24},"end":{"line":20,"column":5}},"line":18},"1":{"name":"(anonymous_1)","decl":{"start":{"line":22,"column":16},"end":{"line":22,"column":17}},"loc":{"start":{"line":22,"column":22},"end":{"line":34,"column":5}},"line":22},"2":{"name":"(anonymous_2)","decl":{"start":{"line":27,"column":16},"end":{"line":27,"column":17}},"loc":{"start":{"line":27,"column":28},"end":{"line":30,"column":11}},"line":27},"3":{"name":"(anonymous_3)","decl":{"start":{"line":31,"column":17},"end":{"line":31,"column":18}},"loc":{"start":{"line":31,"column":26},"end":{"line":33,"column":11}},"line":31},"4":{"name":"(anonymous_4)","decl":{"start":{"line":36,"column":31},"end":{"line":36,"column":32}},"loc":{"start":{"line":36,"column":41},"end":{"line":38,"column":6}},"line":36},"5":{"name":"(anonymous_5)","decl":{"start":{"line":36,"column":41},"end":{"line":36,"column":42}},"loc":{"start":{"line":36,"column":47},"end":{"line":38,"column":6}},"line":36},"6":{"name":"(anonymous_6)","decl":{"start":{"line":40,"column":4},"end":{"line":40,"column":5}},"loc":{"start":{"line":40,"column":13},"end":{"line":67,"column":5}},"line":40},"7":{"name":"(anonymous_7)","decl":{"start":{"line":57,"column":36},"end":{"line":57,"column":37}},"loc":{"start":{"line":58,"column":16},"end":{"line":62,"column":20}},"line":58},"8":{"name":"(anonymous_8)","decl":{"start":{"line":70,"column":24},"end":{"line":70,"column":25}},"loc":{"start":{"line":70,"column":36},"end":{"line":73,"column":1}},"line":70},"9":{"name":"(anonymous_9)","decl":{"start":{"line":75,"column":27},"end":{"line":75,"column":28}},"loc":{"start":{"line":75,"column":42},"end":{"line":82,"column":1}},"line":75},"10":{"name":"(anonymous_10)","decl":{"start":{"line":76,"column":21},"end":{"line":76,"column":22}},"loc":{"start":{"line":76,"column":32},"end":{"line":78,"column":5}},"line":76},"11":{"name":"(anonymous_11)","decl":{"start":{"line":79,"column":25},"end":{"line":79,"column":26}},"loc":{"start":{"line":79,"column":31},"end":{"line":81,"column":5}},"line":79}},"branchMap":{"0":{"loc":{"start":{"line":41,"column":8},"end":{"line":43,"column":9}},"type":"if","locations":[{"start":{"line":41,"column":8},"end":{"line":43,"column":9}},{"start":{"line":41,"column":8},"end":{"line":43,"column":9}}],"line":41},"1":{"loc":{"start":{"line":45,"column":8},"end":{"line":47,"column":9}},"type":"if","locations":[{"start":{"line":45,"column":8},"end":{"line":47,"column":9}},{"start":{"line":45,"column":8},"end":{"line":47,"column":9}}],"line":45}},"s":{"0":2,"1":2,"2":0,"3":0,"4":0,"5":1,"6":0,"7":2,"8":1,"9":1,"10":0,"11":1,"12":1,"13":1,"14":2,"15":1,"16":2,"17":0,"18":0},"f":{"0":2,"1":2,"2":0,"3":0,"4":1,"5":0,"6":2,"7":1,"8":2,"9":2,"10":0,"11":0},"b":{"0":[1,1],"1":[0,1]},"_coverageSchema":"43e27e138ebf9cfc5966b082cf9a028302ed4184","hash":"5de6ff40d716774309c5d441429e98014f0e83d0"}
,"/Users/albert/Desktop/GameRatings/src/redux/store.js": {"path":"/Users/albert/Desktop/GameRatings/src/redux/store.js","statementMap":{"0":{"start":{"line":5,"column":21},"end":{"line":8,"column":1}}},"fnMap":{},"branchMap":{},"s":{"0":1},"f":{},"b":{},"_coverageSchema":"43e27e138ebf9cfc5966b082cf9a028302ed4184","hash":"9a6336081c0760dc04ef3c9c754498fa85b4be14"}
,"/Users/albert/Desktop/GameRatings/src/redux/actionCreators/index.js": {"path":"/Users/albert/Desktop/GameRatings/src/redux/actionCreators/index.js","statementMap":{"0":{"start":{"line":1,"column":31},"end":{"line":4,"column":2}},"1":{"start":{"line":1,"column":43},"end":{"line":4,"column":1}},"2":{"start":{"line":6,"column":35},"end":{"line":8,"column":2}},"3":{"start":{"line":6,"column":42},"end":{"line":8,"column":1}}},"fnMap":{"0":{"name":"(anonymous_0)","decl":{"start":{"line":1,"column":31},"end":{"line":1,"column":32}},"loc":{"start":{"line":1,"column":43},"end":{"line":4,"column":1}},"line":1},"1":{"name":"(anonymous_1)","decl":{"start":{"line":6,"column":35},"end":{"line":6,"column":36}},"loc":{"start":{"line":6,"column":42},"end":{"line":8,"column":1}},"line":6}},"branchMap":{},"s":{"0":1,"1":0,"2":1,"3":0},"f":{"0":0,"1":0},"b":{},"_coverageSchema":"43e27e138ebf9cfc5966b082cf9a028302ed4184","hash":"a8c42acb34c634b0e20b8b5c7449407ff86632b1"}
,"/Users/albert/Desktop/GameRatings/src/redux/reducers/index.js": {"path":"/Users/albert/Desktop/GameRatings/src/redux/reducers/index.js","statementMap":{"0":{"start":{"line":1,"column":21},"end":{"line":4,"column":1}},"1":{"start":{"line":6,"column":23},"end":{"line":22,"column":1}},"2":{"start":{"line":8,"column":4},"end":{"line":13,"column":5}},"3":{"start":{"line":9,"column":8},"end":{"line":12,"column":9}},"4":{"start":{"line":15,"column":4},"end":{"line":20,"column":5}},"5":{"start":{"line":16,"column":8},"end":{"line":19,"column":9}},"6":{"start":{"line":21,"column":4},"end":{"line":21,"column":19}}},"fnMap":{"0":{"name":"(anonymous_0)","decl":{"start":{"line":6,"column":23},"end":{"line":6,"column":24}},"loc":{"start":{"line":6,"column":60},"end":{"line":22,"column":1}},"line":6}},"branchMap":{"0":{"loc":{"start":{"line":6,"column":24},"end":{"line":6,"column":47}},"type":"default-arg","locations":[{"start":{"line":6,"column":35},"end":{"line":6,"column":47}}],"line":6},"1":{"loc":{"start":{"line":8,"column":4},"end":{"line":13,"column":5}},"type":"if","locations":[{"start":{"line":8,"column":4},"end":{"line":13,"column":5}},{"start":{"line":8,"column":4},"end":{"line":13,"column":5}}],"line":8},"2":{"loc":{"start":{"line":15,"column":4},"end":{"line":20,"column":5}},"type":"if","locations":[{"start":{"line":15,"column":4},"end":{"line":20,"column":5}},{"start":{"line":15,"column":4},"end":{"line":20,"column":5}}],"line":15}},"s":{"0":2,"1":2,"2":2,"3":1,"4":1,"5":0,"6":1},"f":{"0":2},"b":{"0":[1],"1":[1,1],"2":[0,1]},"_coverageSchema":"43e27e138ebf9cfc5966b082cf9a028302ed4184","hash":"0bf8048a6a6a5917fa3e216cfc645891eb6352cc"}
}
