{"/Users/albert/Desktop/GameRatings/src/pages/allgames/all-games.js": {"path":"/Users/albert/Desktop/GameRatings/src/pages/allgames/all-games.js","statementMap":{"0":{"start":{"line":26,"column":6},"end":{"line":35,"column":13}},"1":{"start":{"line":31,"column":12},"end":{"line":31,"column":56}},"2":{"start":{"line":32,"column":12},"end":{"line":34,"column":14}},"3":{"start":{"line":39,"column":6},"end":{"line":41,"column":7}},"4":{"start":{"line":40,"column":10},"end":{"line":40,"column":64}},"5":{"start":{"line":45,"column":6},"end":{"line":47,"column":7}},"6":{"start":{"line":46,"column":10},"end":{"line":46,"column":63}},"7":{"start":{"line":51,"column":6},"end":{"line":51,"column":51}},"8":{"start":{"line":54,"column":41},"end":{"line":56,"column":6}},"9":{"start":{"line":55,"column":7},"end":{"line":55,"column":50}},"10":{"start":{"line":59,"column":22},"end":{"line":59,"column":35}},"11":{"start":{"line":60,"column":7},"end":{"line":60,"column":29}},"12":{"start":{"line":66,"column":26},"end":{"line":66,"column":36}},"13":{"start":{"line":68,"column":8},"end":{"line":70,"column":9}},"14":{"start":{"line":69,"column":10},"end":{"line":69,"column":76}},"15":{"start":{"line":72,"column":8},"end":{"line":101,"column":9}},"16":{"start":{"line":80,"column":16},"end":{"line":84,"column":20}}},"fnMap":{"0":{"name":"(anonymous_0)","decl":{"start":{"line":25,"column":16},"end":{"line":25,"column":17}},"loc":{"start":{"line":25,"column":28},"end":{"line":36,"column":5}},"line":25},"1":{"name":"(anonymous_1)","decl":{"start":{"line":30,"column":16},"end":{"line":30,"column":17}},"loc":{"start":{"line":30,"column":28},"end":{"line":35,"column":11}},"line":30},"2":{"name":"(anonymous_2)","decl":{"start":{"line":38,"column":4},"end":{"line":38,"column":5}},"loc":{"start":{"line":38,"column":24},"end":{"line":42,"column":5}},"line":38},"3":{"name":"(anonymous_3)","decl":{"start":{"line":44,"column":4},"end":{"line":44,"column":5}},"loc":{"start":{"line":44,"column":41},"end":{"line":48,"column":5}},"line":44},"4":{"name":"(anonymous_4)","decl":{"start":{"line":50,"column":13},"end":{"line":50,"column":14}},"loc":{"start":{"line":50,"column":27},"end":{"line":52,"column":5}},"line":50},"5":{"name":"(anonymous_5)","decl":{"start":{"line":54,"column":31},"end":{"line":54,"column":32}},"loc":{"start":{"line":54,"column":41},"end":{"line":56,"column":6}},"line":54},"6":{"name":"(anonymous_6)","decl":{"start":{"line":54,"column":41},"end":{"line":54,"column":42}},"loc":{"start":{"line":54,"column":47},"end":{"line":56,"column":6}},"line":54},"7":{"name":"(anonymous_7)","decl":{"start":{"line":58,"column":23},"end":{"line":58,"column":24}},"loc":{"start":{"line":58,"column":31},"end":{"line":61,"column":6}},"line":58},"8":{"name":"(anonymous_8)","decl":{"start":{"line":64,"column":4},"end":{"line":64,"column":5}},"loc":{"start":{"line":64,"column":13},"end":{"line":102,"column":5}},"line":64},"9":{"name":"(anonymous_9)","decl":{"start":{"line":79,"column":36},"end":{"line":79,"column":37}},"loc":{"start":{"line":80,"column":16},"end":{"line":84,"column":20}},"line":80}},"branchMap":{"0":{"loc":{"start":{"line":39,"column":6},"end":{"line":41,"column":7}},"type":"if","locations":[{"start":{"line":39,"column":6},"end":{"line":41,"column":7}},{"start":{"line":39,"column":6},"end":{"line":41,"column":7}}],"line":39},"1":{"loc":{"start":{"line":45,"column":6},"end":{"line":47,"column":7}},"type":"if","locations":[{"start":{"line":45,"column":6},"end":{"line":47,"column":7}},{"start":{"line":45,"column":6},"end":{"line":47,"column":7}}],"line":45},"2":{"loc":{"start":{"line":68,"column":8},"end":{"line":70,"column":9}},"type":"if","locations":[{"start":{"line":68,"column":8},"end":{"line":70,"column":9}},{"start":{"line":68,"column":8},"end":{"line":70,"column":9}}],"line":68}},"s":{"0":1,"1":0,"2":0,"3":2,"4":1,"5":0,"6":0,"7":0,"8":1,"9":0,"10":0,"11":0,"12":3,"13":3,"14":2,"15":1,"16":1},"f":{"0":1,"1":0,"2":2,"3":0,"4":0,"5":1,"6":0,"7":0,"8":3,"9":1},"b":{"0":[1,1],"1":[0,0],"2":[2,1]},"_coverageSchema":"43e27e138ebf9cfc5966b082cf9a028302ed4184","hash":"9b15dea754bed08f716b0b30d7a7c8320a3c65a9"}
,"/Users/albert/Desktop/GameRatings/src/pages/allgames/game-card.js": {"path":"/Users/albert/Desktop/GameRatings/src/pages/allgames/game-card.js","statementMap":{"0":{"start":{"line":13,"column":24},"end":{"line":37,"column":1}},"1":{"start":{"line":14,"column":2},"end":{"line":36,"column":17}}},"fnMap":{"0":{"name":"(anonymous_0)","decl":{"start":{"line":13,"column":24},"end":{"line":13,"column":25}},"loc":{"start":{"line":14,"column":2},"end":{"line":36,"column":17}},"line":14}},"branchMap":{"0":{"loc":{"start":{"line":20,"column":18},"end":{"line":20,"column":122}},"type":"cond-expr","locations":[{"start":{"line":20,"column":30},"end":{"line":20,"column":117}},{"start":{"line":20,"column":120},"end":{"line":20,"column":122}}],"line":20},"1":{"loc":{"start":{"line":26,"column":26},"end":{"line":26,"column":64}},"type":"cond-expr","locations":[{"start":{"line":26,"column":39},"end":{"line":26,"column":58}},{"start":{"line":26,"column":60},"end":{"line":26,"column":64}}],"line":26},"2":{"loc":{"start":{"line":30,"column":14},"end":{"line":30,"column":90}},"type":"cond-expr","locations":[{"start":{"line":30,"column":45},"end":{"line":30,"column":82}},{"start":{"line":30,"column":85},"end":{"line":30,"column":90}}],"line":30}},"s":{"0":2,"1":2},"f":{"0":2},"b":{"0":[0,2],"1":[0,2],"2":[0,2]},"_coverageSchema":"43e27e138ebf9cfc5966b082cf9a028302ed4184","hash":"e7e343bb6ecb706c024dd2c6bede190836939516"}
,"/Users/albert/Desktop/GameRatings/src/pages/details/game-details.js": {"path":"/Users/albert/Desktop/GameRatings/src/pages/details/game-details.js","statementMap":{"0":{"start":{"line":26,"column":8},"end":{"line":35,"column":15}},"1":{"start":{"line":31,"column":14},"end":{"line":31,"column":58}},"2":{"start":{"line":32,"column":14},"end":{"line":34,"column":16}},"3":{"start":{"line":39,"column":8},"end":{"line":41,"column":9}},"4":{"start":{"line":40,"column":12},"end":{"line":40,"column":65}},"5":{"start":{"line":45,"column":6},"end":{"line":47,"column":7}},"6":{"start":{"line":46,"column":10},"end":{"line":46,"column":63}},"7":{"start":{"line":52,"column":25},"end":{"line":52,"column":35}},"8":{"start":{"line":54,"column":8},"end":{"line":56,"column":9}},"9":{"start":{"line":55,"column":10},"end":{"line":55,"column":77}},"10":{"start":{"line":58,"column":8},"end":{"line":104,"column":9}},"11":{"start":{"line":96,"column":24},"end":{"line":98,"column":39}}},"fnMap":{"0":{"name":"(anonymous_0)","decl":{"start":{"line":25,"column":27},"end":{"line":25,"column":28}},"loc":{"start":{"line":25,"column":39},"end":{"line":36,"column":5}},"line":25},"1":{"name":"(anonymous_1)","decl":{"start":{"line":30,"column":18},"end":{"line":30,"column":19}},"loc":{"start":{"line":30,"column":30},"end":{"line":35,"column":13}},"line":30},"2":{"name":"(anonymous_2)","decl":{"start":{"line":38,"column":4},"end":{"line":38,"column":5}},"loc":{"start":{"line":38,"column":24},"end":{"line":42,"column":5}},"line":38},"3":{"name":"(anonymous_3)","decl":{"start":{"line":44,"column":4},"end":{"line":44,"column":5}},"loc":{"start":{"line":44,"column":41},"end":{"line":48,"column":5}},"line":44},"4":{"name":"(anonymous_4)","decl":{"start":{"line":50,"column":4},"end":{"line":50,"column":5}},"loc":{"start":{"line":50,"column":13},"end":{"line":105,"column":5}},"line":50},"5":{"name":"(anonymous_5)","decl":{"start":{"line":95,"column":63},"end":{"line":95,"column":64}},"loc":{"start":{"line":96,"column":24},"end":{"line":98,"column":39}},"line":96}},"branchMap":{"0":{"loc":{"start":{"line":39,"column":8},"end":{"line":41,"column":9}},"type":"if","locations":[{"start":{"line":39,"column":8},"end":{"line":41,"column":9}},{"start":{"line":39,"column":8},"end":{"line":41,"column":9}}],"line":39},"1":{"loc":{"start":{"line":45,"column":6},"end":{"line":47,"column":7}},"type":"if","locations":[{"start":{"line":45,"column":6},"end":{"line":47,"column":7}},{"start":{"line":45,"column":6},"end":{"line":47,"column":7}}],"line":45},"2":{"loc":{"start":{"line":54,"column":8},"end":{"line":56,"column":9}},"type":"if","locations":[{"start":{"line":54,"column":8},"end":{"line":56,"column":9}},{"start":{"line":54,"column":8},"end":{"line":56,"column":9}}],"line":54},"3":{"loc":{"start":{"line":62,"column":30},"end":{"line":62,"column":159}},"type":"cond-expr","locations":[{"start":{"line":62,"column":49},"end":{"line":62,"column":152}},{"start":{"line":62,"column":155},"end":{"line":62,"column":159}}],"line":62},"4":{"loc":{"start":{"line":67,"column":34},"end":{"line":67,"column":140}},"type":"cond-expr","locations":[{"start":{"line":67,"column":47},"end":{"line":67,"column":134}},{"start":{"line":67,"column":136},"end":{"line":67,"column":140}}],"line":67},"5":{"loc":{"start":{"line":73,"column":64},"end":{"line":73,"column":112}},"type":"cond-expr","locations":[{"start":{"line":73,"column":78},"end":{"line":73,"column":97}},{"start":{"line":73,"column":100},"end":{"line":73,"column":112}}],"line":73},"6":{"loc":{"start":{"line":76,"column":30},"end":{"line":78,"column":35}},"type":"cond-expr","locations":[{"start":{"line":77,"column":30},"end":{"line":77,"column":196}},{"start":{"line":78,"column":32},"end":{"line":78,"column":35}}],"line":76},"7":{"loc":{"start":{"line":77,"column":78},"end":{"line":77,"column":188}},"type":"cond-expr","locations":[{"start":{"line":77,"column":107},"end":{"line":77,"column":146}},{"start":{"line":77,"column":149},"end":{"line":77,"column":188}}],"line":77},"8":{"loc":{"start":{"line":82,"column":59},"end":{"line":82,"column":114}},"type":"cond-expr","locations":[{"start":{"line":82,"column":74},"end":{"line":82,"column":86}},{"start":{"line":82,"column":89},"end":{"line":82,"column":114}}],"line":82},"9":{"loc":{"start":{"line":89,"column":40},"end":{"line":89,"column":282}},"type":"cond-expr","locations":[{"start":{"line":89,"column":70},"end":{"line":89,"column":244}},{"start":{"line":89,"column":246},"end":{"line":89,"column":282}}],"line":89},"10":{"loc":{"start":{"line":89,"column":70},"end":{"line":89,"column":244}},"type":"cond-expr","locations":[{"start":{"line":89,"column":100},"end":{"line":89,"column":205}},{"start":{"line":89,"column":207},"end":{"line":89,"column":244}}],"line":89},"11":{"loc":{"start":{"line":89,"column":100},"end":{"line":89,"column":205}},"type":"cond-expr","locations":[{"start":{"line":89,"column":130},"end":{"line":89,"column":166}},{"start":{"line":89,"column":168},"end":{"line":89,"column":205}}],"line":89},"12":{"loc":{"start":{"line":89,"column":287},"end":{"line":89,"column":359}},"type":"cond-expr","locations":[{"start":{"line":89,"column":318},"end":{"line":89,"column":351}},{"start":{"line":89,"column":354},"end":{"line":89,"column":359}}],"line":89},"13":{"loc":{"start":{"line":95,"column":23},"end":{"line":99,"column":30}},"type":"cond-expr","locations":[{"start":{"line":95,"column":42},"end":{"line":99,"column":24}},{"start":{"line":99,"column":27},"end":{"line":99,"column":30}}],"line":95}},"s":{"0":1,"1":0,"2":0,"3":2,"4":1,"5":0,"6":0,"7":3,"8":3,"9":2,"10":1,"11":0},"f":{"0":1,"1":0,"2":2,"3":0,"4":3,"5":0},"b":{"0":[1,1],"1":[0,0],"2":[2,1],"3":[0,1],"4":[0,1],"5":[0,1],"6":[0,1],"7":[0,0],"8":[0,1],"9":[0,1],"10":[0,0],"11":[0,0],"12":[0,1],"13":[0,1]},"_coverageSchema":"43e27e138ebf9cfc5966b082cf9a028302ed4184","hash":"af6f7ac80e9c99cc0747ae9418e460d3a984175d"}
,"/Users/albert/Desktop/GameRatings/src/pages/home/game-obj.js": {"path":"/Users/albert/Desktop/GameRatings/src/pages/home/game-obj.js","statementMap":{"0":{"start":{"line":13,"column":23},"end":{"line":38,"column":1}},"1":{"start":{"line":14,"column":6},"end":{"line":36,"column":21}}},"fnMap":{"0":{"name":"(anonymous_0)","decl":{"start":{"line":13,"column":23},"end":{"line":13,"column":24}},"loc":{"start":{"line":14,"column":6},"end":{"line":36,"column":21}},"line":14}},"branchMap":{"0":{"loc":{"start":{"line":20,"column":22},"end":{"line":20,"column":136}},"type":"cond-expr","locations":[{"start":{"line":20,"column":39},"end":{"line":20,"column":131}},{"start":{"line":20,"column":134},"end":{"line":20,"column":136}}],"line":20},"1":{"loc":{"start":{"line":26,"column":30},"end":{"line":26,"column":78}},"type":"cond-expr","locations":[{"start":{"line":26,"column":48},"end":{"line":26,"column":72}},{"start":{"line":26,"column":74},"end":{"line":26,"column":78}}],"line":26},"2":{"loc":{"start":{"line":30,"column":18},"end":{"line":30,"column":104}},"type":"cond-expr","locations":[{"start":{"line":30,"column":54},"end":{"line":30,"column":96}},{"start":{"line":30,"column":99},"end":{"line":30,"column":104}}],"line":30}},"s":{"0":2,"1":2},"f":{"0":2},"b":{"0":[0,2],"1":[0,2],"2":[0,2]},"_coverageSchema":"43e27e138ebf9cfc5966b082cf9a028302ed4184","hash":"cb6441e70fa4f7dc23551c32b489284d677ac283"}
,"/Users/albert/Desktop/GameRatings/src/pages/home/home-page.js": {"path":"/Users/albert/Desktop/GameRatings/src/pages/home/home-page.js","statementMap":{"0":{"start":{"line":22,"column":6},"end":{"line":22,"column":23}},"1":{"start":{"line":26,"column":6},"end":{"line":40,"column":13}},"2":{"start":{"line":31,"column":14},"end":{"line":31,"column":53}},"3":{"start":{"line":32,"column":14},"end":{"line":34,"column":16}},"4":{"start":{"line":37,"column":12},"end":{"line":39,"column":14}},"5":{"start":{"line":43,"column":41},"end":{"line":45,"column":6}},"6":{"start":{"line":44,"column":7},"end":{"line":44,"column":50}},"7":{"start":{"line":48,"column":8},"end":{"line":50,"column":9}},"8":{"start":{"line":49,"column":10},"end":{"line":49,"column":76}},"9":{"start":{"line":52,"column":8},"end":{"line":54,"column":9}},"10":{"start":{"line":53,"column":12},"end":{"line":53,"column":55}},"11":{"start":{"line":56,"column":8},"end":{"line":73,"column":9}},"12":{"start":{"line":65,"column":16},"end":{"line":69,"column":20}}},"fnMap":{"0":{"name":"(anonymous_0)","decl":{"start":{"line":21,"column":4},"end":{"line":21,"column":5}},"loc":{"start":{"line":21,"column":24},"end":{"line":23,"column":5}},"line":21},"1":{"name":"(anonymous_1)","decl":{"start":{"line":25,"column":16},"end":{"line":25,"column":17}},"loc":{"start":{"line":25,"column":22},"end":{"line":41,"column":5}},"line":25},"2":{"name":"(anonymous_2)","decl":{"start":{"line":30,"column":16},"end":{"line":30,"column":17}},"loc":{"start":{"line":30,"column":28},"end":{"line":35,"column":11}},"line":30},"3":{"name":"(anonymous_3)","decl":{"start":{"line":36,"column":17},"end":{"line":36,"column":18}},"loc":{"start":{"line":36,"column":26},"end":{"line":40,"column":11}},"line":36},"4":{"name":"(anonymous_4)","decl":{"start":{"line":43,"column":31},"end":{"line":43,"column":32}},"loc":{"start":{"line":43,"column":41},"end":{"line":45,"column":6}},"line":43},"5":{"name":"(anonymous_5)","decl":{"start":{"line":43,"column":41},"end":{"line":43,"column":42}},"loc":{"start":{"line":43,"column":47},"end":{"line":45,"column":6}},"line":43},"6":{"name":"(anonymous_6)","decl":{"start":{"line":47,"column":4},"end":{"line":47,"column":5}},"loc":{"start":{"line":47,"column":13},"end":{"line":74,"column":5}},"line":47},"7":{"name":"(anonymous_7)","decl":{"start":{"line":64,"column":36},"end":{"line":64,"column":37}},"loc":{"start":{"line":65,"column":16},"end":{"line":69,"column":20}},"line":65}},"branchMap":{"0":{"loc":{"start":{"line":48,"column":8},"end":{"line":50,"column":9}},"type":"if","locations":[{"start":{"line":48,"column":8},"end":{"line":50,"column":9}},{"start":{"line":48,"column":8},"end":{"line":50,"column":9}}],"line":48},"1":{"loc":{"start":{"line":52,"column":8},"end":{"line":54,"column":9}},"type":"if","locations":[{"start":{"line":52,"column":8},"end":{"line":54,"column":9}},{"start":{"line":52,"column":8},"end":{"line":54,"column":9}}],"line":52}},"s":{"0":2,"1":2,"2":0,"3":0,"4":1,"5":0,"6":0,"7":3,"8":3,"9":0,"10":0,"11":0,"12":0},"f":{"0":2,"1":2,"2":0,"3":1,"4":0,"5":0,"6":3,"7":0},"b":{"0":[3,0],"1":[0,0]},"_coverageSchema":"43e27e138ebf9cfc5966b082cf9a028302ed4184","hash":"2aaa452929e3e834abc859e4cdcf4cc0fad3e69b"}
,"/Users/albert/Desktop/GameRatings/src/redux/store.js": {"path":"/Users/albert/Desktop/GameRatings/src/redux/store.js","statementMap":{"0":{"start":{"line":7,"column":24},"end":{"line":10,"column":2}},"1":{"start":{"line":12,"column":21},"end":{"line":18,"column":1}}},"fnMap":{},"branchMap":{},"s":{"0":1,"1":1},"f":{},"b":{},"_coverageSchema":"43e27e138ebf9cfc5966b082cf9a028302ed4184","hash":"9623e2909a946e10fe8e31d098c17a9c4b9ca765"}
,"/Users/albert/Desktop/GameRatings/src/redux/actionCreators/index.js": {"path":"/Users/albert/Desktop/GameRatings/src/redux/actionCreators/index.js","statementMap":{"0":{"start":{"line":1,"column":31},"end":{"line":4,"column":2}},"1":{"start":{"line":1,"column":43},"end":{"line":4,"column":1}},"2":{"start":{"line":6,"column":35},"end":{"line":8,"column":2}},"3":{"start":{"line":6,"column":42},"end":{"line":8,"column":1}},"4":{"start":{"line":10,"column":33},"end":{"line":12,"column":2}},"5":{"start":{"line":10,"column":40},"end":{"line":12,"column":1}}},"fnMap":{"0":{"name":"(anonymous_0)","decl":{"start":{"line":1,"column":31},"end":{"line":1,"column":32}},"loc":{"start":{"line":1,"column":43},"end":{"line":4,"column":1}},"line":1},"1":{"name":"(anonymous_1)","decl":{"start":{"line":6,"column":35},"end":{"line":6,"column":36}},"loc":{"start":{"line":6,"column":42},"end":{"line":8,"column":1}},"line":6},"2":{"name":"(anonymous_2)","decl":{"start":{"line":10,"column":33},"end":{"line":10,"column":34}},"loc":{"start":{"line":10,"column":40},"end":{"line":12,"column":1}},"line":10}},"branchMap":{},"s":{"0":2,"1":1,"2":2,"3":0,"4":2,"5":1},"f":{"0":1,"1":0,"2":1},"b":{},"_coverageSchema":"43e27e138ebf9cfc5966b082cf9a028302ed4184","hash":"66581117de8541885c1e438dd8895e6140312aff"}
,"/Users/albert/Desktop/GameRatings/src/redux/actionCreators/loadGames.js": {"path":"/Users/albert/Desktop/GameRatings/src/redux/actionCreators/loadGames.js","statementMap":{"0":{"start":{"line":6,"column":38},"end":{"line":33,"column":1}},"1":{"start":{"line":6,"column":55},"end":{"line":33,"column":1}},"2":{"start":{"line":7,"column":31},"end":{"line":7,"column":37}},"3":{"start":{"line":8,"column":24},"end":{"line":8,"column":26}},"4":{"start":{"line":10,"column":4},"end":{"line":12,"column":5}},"5":{"start":{"line":11,"column":8},"end":{"line":11,"column":31}},"6":{"start":{"line":14,"column":24},"end":{"line":14,"column":80}},"7":{"start":{"line":16,"column":4},"end":{"line":16,"column":49}},"8":{"start":{"line":18,"column":4},"end":{"line":32,"column":7}},"9":{"start":{"line":28,"column":6},"end":{"line":28,"column":61}},"10":{"start":{"line":31,"column":6},"end":{"line":31,"column":52}}},"fnMap":{"0":{"name":"(anonymous_0)","decl":{"start":{"line":6,"column":38},"end":{"line":6,"column":39}},"loc":{"start":{"line":6,"column":55},"end":{"line":33,"column":1}},"line":6},"1":{"name":"(anonymous_1)","decl":{"start":{"line":6,"column":55},"end":{"line":6,"column":56}},"loc":{"start":{"line":6,"column":69},"end":{"line":33,"column":1}},"line":6},"2":{"name":"(anonymous_2)","decl":{"start":{"line":27,"column":10},"end":{"line":27,"column":11}},"loc":{"start":{"line":27,"column":22},"end":{"line":29,"column":5}},"line":27},"3":{"name":"(anonymous_3)","decl":{"start":{"line":30,"column":11},"end":{"line":30,"column":12}},"loc":{"start":{"line":30,"column":20},"end":{"line":32,"column":5}},"line":30}},"branchMap":{"0":{"loc":{"start":{"line":6,"column":39},"end":{"line":6,"column":50}},"type":"default-arg","locations":[{"start":{"line":6,"column":48},"end":{"line":6,"column":50}}],"line":6},"1":{"loc":{"start":{"line":10,"column":4},"end":{"line":12,"column":5}},"type":"if","locations":[{"start":{"line":10,"column":4},"end":{"line":12,"column":5}},{"start":{"line":10,"column":4},"end":{"line":12,"column":5}}],"line":10},"2":{"loc":{"start":{"line":14,"column":24},"end":{"line":14,"column":80}},"type":"cond-expr","locations":[{"start":{"line":14,"column":49},"end":{"line":14,"column":75}},{"start":{"line":14,"column":78},"end":{"line":14,"column":80}}],"line":14}},"s":{"0":1,"1":1,"2":1,"3":1,"4":1,"5":0,"6":1,"7":1,"8":1,"9":1,"10":0},"f":{"0":1,"1":1,"2":1,"3":0},"b":{"0":[1],"1":[0,1],"2":[0,1]},"_coverageSchema":"43e27e138ebf9cfc5966b082cf9a028302ed4184","hash":"34643e71e9ad31d92d14fe8bea806e785490d4ff"}
,"/Users/albert/Desktop/GameRatings/src/redux/reducers/index.js": {"path":"/Users/albert/Desktop/GameRatings/src/redux/reducers/index.js","statementMap":{"0":{"start":{"line":1,"column":21},"end":{"line":5,"column":1}},"1":{"start":{"line":7,"column":23},"end":{"line":33,"column":1}},"2":{"start":{"line":9,"column":4},"end":{"line":15,"column":5}},"3":{"start":{"line":10,"column":8},"end":{"line":14,"column":9}},"4":{"start":{"line":17,"column":4},"end":{"line":23,"column":5}},"5":{"start":{"line":18,"column":8},"end":{"line":22,"column":9}},"6":{"start":{"line":25,"column":4},"end":{"line":31,"column":5}},"7":{"start":{"line":26,"column":8},"end":{"line":30,"column":9}},"8":{"start":{"line":32,"column":4},"end":{"line":32,"column":19}}},"fnMap":{"0":{"name":"(anonymous_0)","decl":{"start":{"line":7,"column":23},"end":{"line":7,"column":24}},"loc":{"start":{"line":7,"column":60},"end":{"line":33,"column":1}},"line":7}},"branchMap":{"0":{"loc":{"start":{"line":7,"column":24},"end":{"line":7,"column":47}},"type":"default-arg","locations":[{"start":{"line":7,"column":35},"end":{"line":7,"column":47}}],"line":7},"1":{"loc":{"start":{"line":9,"column":4},"end":{"line":15,"column":5}},"type":"if","locations":[{"start":{"line":9,"column":4},"end":{"line":15,"column":5}},{"start":{"line":9,"column":4},"end":{"line":15,"column":5}}],"line":9},"2":{"loc":{"start":{"line":17,"column":4},"end":{"line":23,"column":5}},"type":"if","locations":[{"start":{"line":17,"column":4},"end":{"line":23,"column":5}},{"start":{"line":17,"column":4},"end":{"line":23,"column":5}}],"line":17},"3":{"loc":{"start":{"line":25,"column":4},"end":{"line":31,"column":5}},"type":"if","locations":[{"start":{"line":25,"column":4},"end":{"line":31,"column":5}},{"start":{"line":25,"column":4},"end":{"line":31,"column":5}}],"line":25}},"s":{"0":2,"1":2,"2":4,"3":1,"4":3,"5":0,"6":3,"7":0,"8":3},"f":{"0":4},"b":{"0":[3],"1":[1,3],"2":[0,3],"3":[0,3]},"_coverageSchema":"43e27e138ebf9cfc5966b082cf9a028302ed4184","hash":"afdb3998828124789d42087865f8a1897be01596"}
}
