TN:
SF:/Users/albert/Desktop/GameRatings/src/pages/allgames/all-games.js
FN:26,(anonymous_0)
FN:31,(anonymous_1)
FN:39,(anonymous_2)
FN:45,(anonymous_3)
FN:45,(anonymous_4)
FN:49,(anonymous_5)
FN:54,(anonymous_6)
FN:61,(anonymous_7)
FN:76,(anonymous_8)
FNF:9
FNH:3
FNDA:2,(anonymous_0)
FNDA:0,(anonymous_1)
FNDA:2,(anonymous_2)
FNDA:0,(anonymous_3)
FNDA:0,(anonymous_4)
FNDA:0,(anonymous_5)
FNDA:0,(anonymous_6)
FNDA:2,(anonymous_7)
FNDA:0,(anonymous_8)
DA:27,2
DA:32,0
DA:33,0
DA:40,2
DA:45,0
DA:46,0
DA:50,0
DA:52,0
DA:54,0
DA:55,0
DA:57,0
DA:63,2
DA:65,2
DA:66,2
DA:69,0
DA:77,0
LF:16
LH:5
BRDA:65,0,0,2
BRDA:65,0,1,0
BRF:2
BRH:1
end_of_record
TN:
SF:/Users/albert/Desktop/GameRatings/src/pages/allgames/game-card.js
FN:13,(anonymous_0)
FNF:1
FNH:1
FNDA:2,(anonymous_0)
DA:13,2
DA:14,2
LF:2
LH:2
BRDA:20,0,0,0
BRDA:20,0,1,2
BRDA:26,1,0,0
BRDA:26,1,1,2
BRDA:30,2,0,0
BRDA:30,2,1,2
BRF:6
BRH:3
end_of_record
TN:
SF:/Users/albert/Desktop/GameRatings/src/pages/details/game-details.js
FN:24,(anonymous_0)
FN:29,(anonymous_1)
FN:37,(anonymous_2)
FN:43,(anonymous_3)
FN:47,(anonymous_4)
FN:88,(anonymous_5)
FNF:6
FNH:3
FNDA:1,(anonymous_0)
FNDA:0,(anonymous_1)
FNDA:1,(anonymous_2)
FNDA:0,(anonymous_3)
FNDA:1,(anonymous_4)
FNDA:0,(anonymous_5)
DA:25,1
DA:30,0
DA:31,0
DA:38,1
DA:39,1
DA:44,0
DA:49,1
DA:51,1
DA:52,1
DA:55,0
DA:89,0
LF:11
LH:6
BRDA:38,0,0,1
BRDA:38,0,1,0
BRDA:51,1,0,1
BRDA:51,1,1,0
BRDA:72,2,0,0
BRDA:72,2,1,0
BRDA:82,3,0,0
BRDA:82,3,1,0
BRDA:82,4,0,0
BRDA:82,4,1,0
BRDA:82,5,0,0
BRDA:82,5,1,0
BRDA:82,6,0,0
BRDA:82,6,1,0
BRF:14
BRH:2
end_of_record
TN:
SF:/Users/albert/Desktop/GameRatings/src/pages/home/game-obj.js
FN:13,(anonymous_0)
FNF:1
FNH:1
FNDA:2,(anonymous_0)
DA:13,2
DA:14,2
LF:2
LH:2
BRDA:20,0,0,0
BRDA:20,0,1,2
BRDA:26,1,0,0
BRDA:26,1,1,2
BRDA:30,2,0,0
BRDA:30,2,1,2
BRF:6
BRH:3
end_of_record
TN:
SF:/Users/albert/Desktop/GameRatings/src/pages/home/home-page.js
FN:21,(anonymous_0)
FN:25,(anonymous_1)
FN:30,(anonymous_2)
FN:36,(anonymous_3)
FN:41,(anonymous_4)
FN:41,(anonymous_5)
FN:45,(anonymous_6)
FN:62,(anonymous_7)
FNF:8
FNH:4
FNDA:2,(anonymous_0)
FNDA:2,(anonymous_1)
FNDA:0,(anonymous_2)
FNDA:1,(anonymous_3)
FNDA:0,(anonymous_4)
FNDA:0,(anonymous_5)
FNDA:2,(anonymous_6)
FNDA:0,(anonymous_7)
DA:22,2
DA:26,2
DA:31,0
DA:32,0
DA:41,0
DA:42,0
DA:46,2
DA:47,2
DA:50,0
DA:51,0
DA:54,0
DA:63,0
LF:12
LH:4
BRDA:46,0,0,2
BRDA:46,0,1,0
BRDA:50,1,0,0
BRDA:50,1,1,0
BRF:4
BRH:1
end_of_record
TN:
SF:/Users/albert/Desktop/GameRatings/src/redux/store.js
FNF:0
FNH:0
DA:7,1
DA:12,1
LF:2
LH:2
BRF:0
BRH:0
end_of_record
TN:
SF:/Users/albert/Desktop/GameRatings/src/redux/actionCreators/index.js
FN:1,(anonymous_0)
FN:6,(anonymous_1)
FNF:2
FNH:1
FNDA:1,(anonymous_0)
FNDA:0,(anonymous_1)
DA:1,2
DA:6,2
LF:2
LH:2
BRF:0
BRH:0
end_of_record
TN:
SF:/Users/albert/Desktop/GameRatings/src/redux/actionCreators/loadGames.js
FN:6,(anonymous_0)
FN:6,(anonymous_1)
FN:25,(anonymous_2)
FN:28,(anonymous_3)
FNF:4
FNH:3
FNDA:1,(anonymous_0)
FNDA:1,(anonymous_1)
FNDA:1,(anonymous_2)
FNDA:0,(anonymous_3)
DA:6,1
DA:7,1
DA:8,1
DA:10,1
DA:11,0
DA:14,1
DA:16,1
DA:26,1
DA:29,0
LF:9
LH:7
BRDA:6,0,0,1
BRDA:10,1,0,0
BRDA:10,1,1,1
BRDA:14,2,0,0
BRDA:14,2,1,1
BRF:5
BRH:3
end_of_record
TN:
SF:/Users/albert/Desktop/GameRatings/src/redux/reducers/index.js
FN:6,(anonymous_0)
FNF:1
FNH:1
FNDA:4,(anonymous_0)
DA:1,2
DA:6,2
DA:8,4
DA:9,1
DA:15,3
DA:16,0
DA:21,3
LF:7
LH:6
BRDA:6,0,0,3
BRDA:8,1,0,1
BRDA:8,1,1,3
BRDA:15,2,0,0
BRDA:15,2,1,3
BRF:5
BRH:4
end_of_record
