TN:
SF:/Users/albert/Desktop/GameRatings/src/pages/allgames/all-games.js
FN:25,(anonymous_0)
FN:30,(anonymous_1)
FN:38,(anonymous_2)
FN:44,(anonymous_3)
FN:50,(anonymous_4)
FN:54,(anonymous_5)
FN:54,(anonymous_6)
FN:58,(anonymous_7)
FN:64,(anonymous_8)
FN:79,(anonymous_9)
FNF:10
FNH:5
FNDA:1,(anonymous_0)
FNDA:0,(anonymous_1)
FNDA:3,(anonymous_2)
FNDA:0,(anonymous_3)
FNDA:0,(anonymous_4)
FNDA:1,(anonymous_5)
FNDA:0,(anonymous_6)
FNDA:0,(anonymous_7)
FNDA:4,(anonymous_8)
FNDA:1,(anonymous_9)
DA:26,1
DA:31,0
DA:32,0
DA:39,3
DA:40,1
DA:45,0
DA:46,0
DA:51,0
DA:54,1
DA:55,0
DA:59,0
DA:60,0
DA:66,4
DA:68,4
DA:69,3
DA:72,1
DA:80,1
LF:17
LH:9
BRDA:39,0,0,1
BRDA:39,0,1,2
BRDA:45,1,0,0
BRDA:45,1,1,0
BRDA:68,2,0,3
BRDA:68,2,1,1
BRF:6
BRH:4
end_of_record
TN:
SF:/Users/albert/Desktop/GameRatings/src/pages/allgames/game-card.js
FN:13,(anonymous_0)
FNF:1
FNH:1
FNDA:2,(anonymous_0)
DA:13,2
DA:14,2
LF:2
LH:2
BRDA:20,0,0,0
BRDA:20,0,1,2
BRDA:26,1,0,0
BRDA:26,1,1,2
BRDA:30,2,0,0
BRDA:30,2,1,2
BRF:6
BRH:3
end_of_record
TN:
SF:/Users/albert/Desktop/GameRatings/src/pages/details/game-details.js
FN:25,(anonymous_0)
FN:30,(anonymous_1)
FN:38,(anonymous_2)
FN:44,(anonymous_3)
FN:50,(anonymous_4)
FN:95,(anonymous_5)
FNF:6
FNH:3
FNDA:1,(anonymous_0)
FNDA:0,(anonymous_1)
FNDA:2,(anonymous_2)
FNDA:0,(anonymous_3)
FNDA:3,(anonymous_4)
FNDA:0,(anonymous_5)
DA:26,1
DA:31,0
DA:32,0
DA:39,2
DA:40,1
DA:45,0
DA:46,0
DA:52,3
DA:54,3
DA:55,2
DA:58,1
DA:96,0
LF:12
LH:7
BRDA:39,0,0,1
BRDA:39,0,1,1
BRDA:45,1,0,0
BRDA:45,1,1,0
BRDA:54,2,0,2
BRDA:54,2,1,1
BRDA:62,3,0,0
BRDA:62,3,1,1
BRDA:67,4,0,0
BRDA:67,4,1,1
BRDA:73,5,0,0
BRDA:73,5,1,1
BRDA:76,6,0,0
BRDA:76,6,1,1
BRDA:77,7,0,0
BRDA:77,7,1,0
BRDA:82,8,0,0
BRDA:82,8,1,1
BRDA:89,9,0,0
BRDA:89,9,1,1
BRDA:89,10,0,0
BRDA:89,10,1,0
BRDA:89,11,0,0
BRDA:89,11,1,0
BRDA:89,12,0,0
BRDA:89,12,1,1
BRDA:95,13,0,0
BRDA:95,13,1,1
BRF:28
BRH:12
end_of_record
TN:
SF:/Users/albert/Desktop/GameRatings/src/pages/home/game-obj.js
FN:13,(anonymous_0)
FNF:1
FNH:1
FNDA:2,(anonymous_0)
DA:13,2
DA:14,2
LF:2
LH:2
BRDA:20,0,0,0
BRDA:20,0,1,2
BRDA:26,1,0,0
BRDA:26,1,1,2
BRDA:30,2,0,0
BRDA:30,2,1,2
BRF:6
BRH:3
end_of_record
TN:
SF:/Users/albert/Desktop/GameRatings/src/pages/home/home-page.js
FN:21,(anonymous_0)
FN:25,(anonymous_1)
FN:30,(anonymous_2)
FN:36,(anonymous_3)
FN:43,(anonymous_4)
FN:43,(anonymous_5)
FN:47,(anonymous_6)
FN:64,(anonymous_7)
FNF:8
FNH:5
FNDA:4,(anonymous_0)
FNDA:6,(anonymous_1)
FNDA:1,(anonymous_2)
FNDA:2,(anonymous_3)
FNDA:0,(anonymous_4)
FNDA:0,(anonymous_5)
FNDA:6,(anonymous_6)
FNDA:0,(anonymous_7)
DA:22,4
DA:26,6
DA:31,1
DA:32,1
DA:37,2
DA:43,0
DA:44,0
DA:48,6
DA:49,5
DA:52,1
DA:53,0
DA:56,1
DA:65,0
LF:13
LH:9
BRDA:48,0,0,5
BRDA:48,0,1,1
BRDA:52,1,0,0
BRDA:52,1,1,1
BRF:4
BRH:3
end_of_record
TN:
SF:/Users/albert/Desktop/GameRatings/src/redux/store.js
FNF:0
FNH:0
DA:7,1
DA:12,1
LF:2
LH:2
BRF:0
BRH:0
end_of_record
TN:
SF:/Users/albert/Desktop/GameRatings/src/redux/actionCreators/index.js
FN:1,(anonymous_0)
FN:6,(anonymous_1)
FN:10,(anonymous_2)
FNF:3
FNH:2
FNDA:1,(anonymous_0)
FNDA:0,(anonymous_1)
FNDA:1,(anonymous_2)
DA:1,2
DA:6,2
DA:10,2
LF:3
LH:3
BRF:0
BRH:0
end_of_record
TN:
SF:/Users/albert/Desktop/GameRatings/src/redux/actionCreators/loadGames.js
FN:6,(anonymous_0)
FN:6,(anonymous_1)
FN:27,(anonymous_2)
FN:30,(anonymous_3)
FNF:4
FNH:3
FNDA:1,(anonymous_0)
FNDA:1,(anonymous_1)
FNDA:1,(anonymous_2)
FNDA:0,(anonymous_3)
DA:6,1
DA:7,1
DA:8,1
DA:10,1
DA:11,0
DA:14,1
DA:16,1
DA:18,1
DA:28,1
DA:31,0
LF:10
LH:8
BRDA:6,0,0,1
BRDA:10,1,0,0
BRDA:10,1,1,1
BRDA:14,2,0,0
BRDA:14,2,1,1
BRF:5
BRH:3
end_of_record
TN:
SF:/Users/albert/Desktop/GameRatings/src/redux/reducers/index.js
FN:7,(anonymous_0)
FNF:1
FNH:1
FNDA:4,(anonymous_0)
DA:1,2
DA:7,2
DA:9,4
DA:10,1
DA:17,3
DA:18,0
DA:25,3
DA:26,0
DA:32,3
LF:9
LH:7
BRDA:7,0,0,3
BRDA:9,1,0,1
BRDA:9,1,1,3
BRDA:17,2,0,0
BRDA:17,2,1,3
BRDA:25,3,0,0
BRDA:25,3,1,3
BRF:7
BRH:5
end_of_record
